<?xml version="1.0" encoding="UTF-8"?>
<!-- Generated by org.testng.reporters.JUnitReportReporter -->
<testsuite hostname="Srinivasulu" failures="0" tests="3" name="com.guru99bankproject.qa.testcases.LoginPageTest" time="22.303" errors="0" timestamp="2022-07-06T20:16:35 GMT-07:00" skipped="0">
  <testcase classname="com.guru99bankproject.qa.testcases.LoginPageTest" name="validateTitle" time="6.854"/>
  <system-out/>
  <testcase classname="com.guru99bankproject.qa.testcases.LoginPageTest" name="validateLogo" time="6.940"/>
  <system-out/>
  <testcase classname="com.guru99bankproject.qa.testcases.LoginPageTest" name="loginToApp" time="8.509"/>
  <system-out/>
</testsuite> <!-- com.guru99bankproject.qa.testcases.LoginPageTest -->
