<?xml version="1.0" encoding="UTF-8"?>
<!-- Generated by org.testng.reporters.JUnitReportReporter -->
<testsuite hostname="Srinivasulu" failures="0" tests="3" name="com.guru99bankproject.qa.testcases.HomePageTest" time="215.665" errors="0" timestamp="2022-07-06T20:16:35 GMT-07:00" skipped="0">
  <testcase classname="com.guru99bankproject.qa.testcases.HomePageTest" name="validateHomePageTitle" time="71.837"/>
  <system-out/>
  <testcase classname="com.guru99bankproject.qa.testcases.HomePageTest" name="validateLogo" time="71.793"/>
  <system-out/>
  <testcase classname="com.guru99bankproject.qa.testcases.HomePageTest" name="navigateToDeleteCustomerPage" time="72.035"/>
  <system-out/>
</testsuite> <!-- com.guru99bankproject.qa.testcases.HomePageTest -->
